<?xml version="1.0" encoding="UTF-8"?>
<!-- Generated by org.testng.reporters.JUnitXMLReporter -->
<testsuite hostname="LAPTOP-31K9796S" ignored="0" name="Default test" tests="3" failures="0" timestamp="31 Dec 2020 09:09:47 GMT" time="9.98" errors="0">
  <testcase name="verifyTransactionhistory" time="2.002" classname="com.noonpay.tests.TransactionHistoryTests"/>
  <testcase name="verifyTransactionhistoryStatus" time="2.031" classname="com.noonpay.tests.TransactionHistoryTests"/>
  <testcase name="verifyTransactionhistoryTxnDate" time="3.462" classname="com.noonpay.tests.TransactionHistoryTests"/>
</testsuite> <!-- Default test -->
