<?xml version="1.0" encoding="UTF-8"?>
<!-- Generated by org.testng.reporters.JUnitXMLReporter -->
<testsuite hostname="LAPTOP-31K9796S" ignored="0" name="Test" tests="4" failures="0" timestamp="31 Dec 2020 09:20:57 GMT" time="6.842" errors="0">
  <testcase name="verifyTransactionhistory" time="1.351" classname="com.noonpay.tests.TransactionHistoryTests"/>
  <testcase name="verifyTransactionhistoryStatus" time="0.978" classname="com.noonpay.tests.TransactionHistoryTests"/>
  <testcase name="verifyTransactionhistoryTxnDate" time="0.977" classname="com.noonpay.tests.TransactionHistoryTests"/>
  <testcase name="verifyTransactionhistoryerrorMessage" time="0.976" classname="com.noonpay.tests.TransactionHistoryTests"/>
</testsuite> <!-- Test -->
